<?xml version="1.0" encoding="UTF-8"?>
<testsuite xmlns:xsi="http://www.w3.org/2001/XMLSchema-instance" xsi:noNamespaceSchemaLocation="https://maven.apache.org/surefire/maven-surefire-plugin/xsd/surefire-test-report.xsd" version="3.0.2" name="com.nexcart.backend.NexCartApplicationTests" time="3.562" tests="1" errors="0" skipped="0" failures="0">
  <properties>
[...]
</properties>
  <testcase name="contextLoads" classname="com.nexcart.backend.NexCartApplicationTests" time="0.018">
    <system-out><![CDATA[2026-03-16T01:01:43.370+05:30  INFO 20644 --- [           main] t.c.s.AnnotationConfigContextLoaderUtils : Could not detect default configuration classes for test class [com.nexcart.backend.NexCartApplicationTests]: NexCartApplicationTests does not declare any static, non-private, non-final, nested classes annotated with @Configuration.
2026-03-16T01:01:43.394+05:30  INFO 20644 --- [           main] .b.t.c.SpringBootTestContextBootstrapper : Found @SpringBootConfiguration com.nexcart.backend.NexCartApplication for test class com.nexcart.backend.NexCartApplicationTests

  .   ____          _            __ _ _
 /\\ / ___'_ __ _ _(_)_ __  __ _ \ \ \ \
( ( )\___ | '_ | '_| | '_ \/ _` | \ \ \ \
 \\/  ___)| |_)| | | | | || (_| |  ) ) ) )
  '  |____| .__|_| |_|_| |_\__, | / / / /
 =========|_|==============|___/=/_/_/_/

 :: Spring Boot ::                (v3.4.1)

2026-03-16T01:01:43.474+05:30  INFO 20644 --- [           main] c.n.backend.NexCartApplicationTests      : Starting NexCartApplicationTests using Java 17.0.12 with PID 20644 (started by anupa in C:\Users\anupa\OneDrive\Desktop\NexCart\nexcartBackEnd)
2026-03-16T01:01:43.475+05:30  INFO 20644 --- [           main] c.n.backend.NexCartApplicationTests      : No active profile set, falling back to 1 default profile: "default"
2026-03-16T01:01:44.188+05:30  INFO 20644 --- [           main] .s.d.r.c.RepositoryConfigurationDelegate : Bootstrapping Spring Data JPA repositories in DEFAULT mode.
2026-03-16T01:01:44.298+05:30  INFO 20644 --- [           main] .s.d.r.c.RepositoryConfigurationDelegate : Finished Spring Data repository scanning in 107 ms. Found 17 JPA repository interfaces.
2026-03-16T01:01:44.595+05:30  INFO 20644 --- [           main] o.hibernate.jpa.internal.util.LogHelper  : HHH000204: Processing PersistenceUnitInfo [name: default]
2026-03-16T01:01:44.601+05:30  INFO 20644 --- [           main] o.h.c.internal.RegionFactoryInitiator    : HHH000026: Second-level cache disabled
2026-03-16T01:01:44.638+05:30  INFO 20644 --- [           main] o.s.o.j.p.SpringPersistenceUnitInfo      : No LoadTimeWeaver setup: ignoring JPA class transformer
2026-03-16T01:01:44.642+05:30  INFO 20644 --- [           main] com.zaxxer.hikari.HikariDataSource       : HikariPool-2 - Starting...
2026-03-16T01:01:44.645+05:30  INFO 20644 --- [           main] com.zaxxer.hikari.pool.HikariPool        : HikariPool-2 - Added connection conn10: url=jdbc:h2:mem:nexcart_test user=SA
2026-03-16T01:01:44.646+05:30  INFO 20644 --- [           main] com.zaxxer.hikari.HikariDataSource       : HikariPool-2 - Start completed.
2026-03-16T01:01:44.648+05:30  INFO 20644 --- [           main] org.hibernate.orm.connections.pooling    : HHH10001005: Database info:
	Database JDBC URL [Connecting through datasource 'HikariDataSource (HikariPool-2)']
	Database driver: undefined/unknown
	Database version: 2.3.232
	Autocommit mode: undefined/unknown
	Isolation level: undefined/unknown
	Minimum pool size: undefined/unknown
	Maximum pool size: undefined/unknown
2026-03-16T01:01:45.338+05:30  INFO 20644 --- [           main] o.h.e.t.j.p.i.JtaPlatformInitiator       : HHH000489: No JTA platform available (set 'hibernate.transaction.jta.platform' to enable JTA platform integration)
2026-03-16T01:01:45.453+05:30  INFO 20644 --- [           main] j.LocalContainerEntityManagerFactoryBean : Initialized JPA EntityManagerFactory for persistence unit 'default'
2026-03-16T01:01:46.373+05:30  WARN 20644 --- [           main] JpaBaseConfiguration$JpaWebConfiguration : spring.jpa.open-in-view is enabled by default. Therefore, database queries may be performed during view rendering. Explicitly configure spring.jpa.open-in-view to disable this warning
2026-03-16T01:01:46.787+05:30  INFO 20644 --- [           main] c.n.backend.NexCartApplicationTests      : Started NexCartApplicationTests in 3.378 seconds (process running for 27.015)
2026-03-16T01:01:46.816+05:30  INFO 20644 --- [           main] c.n.backend.config.AdminBootstrapConfig  : Bootstrap admin account created: username=admin email=admin@nexcart.local
]]></system-out>
  </testcase>
</testsuite>